<?xml version="1.0" encoding="utf-8"?><testsuite errors="1" failures="0" name="pytest" skips="0" tests="1" time="0.061"><testcase classname="temoto_parser" file="src/srl_test.py" name="src.srl_test" time="0"><error message="collection failure">ImportError while importing test module &apos;/home/selmawanna/ros2_ws/src/temoto_parser/src/srl_test.py&apos;.
Hint: make sure your test modules/packages have valid Python names.
Traceback:
src/srl_test.py:2: in &lt;module&gt;
    from TeMotoUMRF import TemotoUMRF
src/TeMotoUMRF.py:3: in &lt;module&gt;
    from allennlp.predictors.semantic_role_labeler import SemanticRoleLabelerPredictor
E   ModuleNotFoundError: No module named &apos;allennlp&apos;</error></testcase></testsuite>